<?xml version="1.0" encoding="UTF-8"?>
<!-- Generated by org.testng.reporters.JUnitXMLReporter -->
<testsuite hostname="maxE-PC" ignored="0" name="Default test" tests="12" failures="0" timestamp="10 Aug 2018 15:24:47 GMT" time="70.031" errors="0">
  <testcase name="correctEmailCapsLockPass" time="12.527" classname="tests.LoginTest"/>
  <testcase name="correctEmailEmptyPass" time="2.837" classname="tests.LoginTest"/>
  <testcase name="emptyEmailEmptyPass" time="2.507" classname="tests.LoginTest"/>
  <testcase name="emptyEmailCorrectPass" time="2.636" classname="tests.LoginTest"/>
  <testcase name="invalidEmailEmptyPass" time="3.101" classname="tests.LoginTest"/>
  <testcase name="correctEmailIncorrectPass" time="4.632" classname="tests.LoginTest"/>
  <testcase name="emptyEmailShortPass" time="2.477" classname="tests.LoginTest"/>
  <testcase name="emptyEmailLongPass" time="4.157" classname="tests.LoginTest"/>
  <testcase name="invalidEmailcorrectPass" time="4.135" classname="tests.LoginTest"/>
  <testcase name="invalidEmailShortPass" time="3.695" classname="tests.LoginTest"/>
  <testcase name="invalidEmailLongPass" time="4.843" classname="tests.LoginTest"/>
  <testcase name="capsLockEmailCorrectPass" time="5.557" classname="tests.LoginTest"/>
</testsuite> <!-- Default test -->
